0;37m[ 2016-02-18 15:06:18:371 ] resttest now begin work!0m
/Users/dwd-macmini/Documents/resttest/settings.conf
0;37m[ 2016-02-18 15:06:18:372 ] scaning folder /Users/dwd-macmini/Documents/resttest/testfiles0m
0;37m[ 2016-02-18 15:06:18:373 ] 0m
0;37m[ 2016-02-18 15:06:18:373 ] 0;34m..............................0;37m0m
0;37m[ 2016-02-18 15:06:18:373 ] 0m
0;37m[ 2016-02-18 15:06:18:374 ] 0;32mtrying to read file 个人中心s.json0;37m0m
0;37m[ 2016-02-18 15:06:18:875 ] description: 0;32m1/user/usercenter获取用户中心页面
2/user/feedback添加意见反馈
3/user/likeproductlist获取收藏单品列表
4/user/updateuser更新用户信息
5/common/uploadimg上传图片
6/user/addaddress添加收货地址
7/user/updateaddress更新收货地址
8/user/deleteaddress删除收货地址
9/user/addresslist获取收货地址列表
10/user/setdefaultaddress设置默认收货地址
11/common/getverifycode获取验证码
12/user/common/checkverifycode检查验证码
13/user/changemobile换绑手机
14/user/resetpwd重置密码0;37m0m
0;37m[ 2016-02-18 15:06:18:876 ] starting test0m
0;37m[ 2016-02-18 15:06:19:510 ] 0m
0;37m[ 2016-02-18 15:06:19:510 ] 0;34m..............................0;37m0m
0;37m[ 2016-02-18 15:06:19:511 ] 0m
0;37m[ 2016-02-18 15:06:19:511 ] ##### case:   0;32mUser/UserCenter0;37m0m
0;37m[ 2016-02-18 15:06:19:512 ] ####### id:   0;32mbe115dc4-1682-51a8-0c61-ee25754db69a0;37m0m
0;37m[ 2016-02-18 15:06:19:512 ] ### remark:   0;32m获取用户中心页面0;37m0m
0;37m[ 2016-02-18 15:06:19:513 ] ## request:   0;32mGET http://10.0.0.193:9502/user/usercenter?token=e4d50c122158fa2f7a4038f0881bc7af&avatar=sssssss&token=4b5f5a7dcfa8deab7e9a5dbc89d7440c&username=CWAY&birthday=1999-02-080;37m0m
0;37m[ 2016-02-18 15:06:19:513 ] ##### data:   0;32mavatar = sssssss0;37m0m
0;37m[ 2016-02-18 15:06:19:513 ]	       0;32mtoken = 4b5f5a7dcfa8deab7e9a5dbc89d7440c0;37m0m
0;37m[ 2016-02-18 15:06:19:514 ]	       0;32musername = CWAY0;37m0m
0;37m[ 2016-02-18 15:06:19:514 ]	       0;32mbirthday = 1999-02-080;37m0m
0;37m[ 2016-02-18 15:06:19:514 ] # response:   0;32m2000;37m0m
0;37m[ 2016-02-18 15:06:19:514 ] 0m
0;37m[ 2016-02-18 15:06:19:515 ] no. 0;32m10;37m expectation being checked0m
0;37m[ 2016-02-18 15:06:19:515 ] 0;32mkey userinfo0;37m should 0;32min .data0;37m   [ 0;36mpassed0;37m ]0m
0;37m[ 2016-02-18 15:06:19:593 ] 0m
0;37m[ 2016-02-18 15:06:19:594 ] 0;34m..............................0;37m0m
0;37m[ 2016-02-18 15:06:19:595 ] 0m
0;37m[ 2016-02-18 15:06:19:595 ] ##### case:   0;32mUser/Feedback0;37m0m
0;37m[ 2016-02-18 15:06:19:596 ] ####### id:   0;32mb5ecd579-020a-d707-4f91-1176da98821d0;37m0m
0;37m[ 2016-02-18 15:06:19:596 ] ### remark:   0;32m添加意见反馈0;37m0m
0;37m[ 2016-02-18 15:06:19:597 ] ## request:   0;32mPOST http://10.0.0.193:9502/user/feedback0;37m0m
0;37m[ 2016-02-18 15:06:19:597 ] ##### data:   0;32muserId = 10;37m0m
0;37m[ 2016-02-18 15:06:19:597 ]	       0;32mcontent = abcde0;37m0m
0;37m[ 2016-02-18 15:06:19:598 ]	       0;32mcontacter = mark0;37m0m
0;37m[ 2016-02-18 15:06:19:598 ] # response:   0;32m2000;37m0m
0;37m[ 2016-02-18 15:06:19:599 ] 0m
0;37m[ 2016-02-18 15:06:19:600 ] no. 0;32m20;37m expectation being checked0m
0;37m[ 2016-02-18 15:06:19:601 ] 0;32mword true0;37m should 0;32min .data.res0;37m   [ 0;36mpassed0;37m ]0m
0;37m[ 2016-02-18 15:06:19:635 ] 0m
0;37m[ 2016-02-18 15:06:19:635 ] 0;34m..............................0;37m0m
0;37m[ 2016-02-18 15:06:19:635 ] 0m
0;37m[ 2016-02-18 15:06:19:635 ] ##### case:   0;32m/User/LikeProductList0;37m0m
0;37m[ 2016-02-18 15:06:19:636 ] ####### id:   0;32m510c296f-3dfe-228a-a45a-442c801f9a130;37m0m
0;37m[ 2016-02-18 15:06:19:636 ] ### remark:   0;32m获取收藏单品列表0;37m0m
0;37m[ 2016-02-18 15:06:19:636 ] ## request:   0;32mGET http://10.0.0.193:9502/user/likeproductlist?token=49e2c52fc2e1051c58e11daace64ab5f&avatar=sssssss&token=4b5f5a7dcfa8deab7e9a5dbc89d7440c&username=CWAY&birthday=1999-02-080;37m0m
0;37m[ 2016-02-18 15:06:19:637 ] ##### data:   0;32mavatar = sssssss0;37m0m
0;37m[ 2016-02-18 15:06:19:637 ]	       0;32mtoken = 4b5f5a7dcfa8deab7e9a5dbc89d7440c0;37m0m
0;37m[ 2016-02-18 15:06:19:637 ]	       0;32musername = CWAY0;37m0m
0;37m[ 2016-02-18 15:06:19:638 ]	       0;32mbirthday = 1999-02-080;37m0m
0;37m[ 2016-02-18 15:06:19:638 ] # response:   0;32m2000;37m0m
0;37m[ 2016-02-18 15:06:19:639 ] 0m
0;37m[ 2016-02-18 15:06:19:639 ] no. 0;32m30;37m expectation being checked0m
0;37m[ 2016-02-18 15:06:19:639 ] 0;32mkey list0;37m should 0;32min .data0;37m	[ 0;36mpassed0;37m ]0m
0;37m[ 2016-02-18 15:06:19:718 ] 0m
0;37m[ 2016-02-18 15:06:19:719 ] 0;34m..............................0;37m0m
0;37m[ 2016-02-18 15:06:19:719 ] 0m
0;37m[ 2016-02-18 15:06:19:719 ] ##### case:   0;32mUser/UpdateUser0;37m0m
0;37m[ 2016-02-18 15:06:19:720 ] ####### id:   0;32m56a3d669-eef3-5966-8f91-6ee6b253702c0;37m0m
0;37m[ 2016-02-18 15:06:19:720 ] ### remark:   0;32m更新用户信息0;37m0m
0;37m[ 2016-02-18 15:06:19:720 ] ## request:   0;32mPOST http://10.0.0.193:9502/user/updateuser0;37m0m
0;37m[ 2016-02-18 15:06:19:720 ] ##### data:   0;32mavatar = sssssss0;37m0m
0;37m[ 2016-02-18 15:06:19:721 ]	       0;32mtoken = 4b5f5a7dcfa8deab7e9a5dbc89d7440c0;37m0m
0;37m[ 2016-02-18 15:06:19:721 ]	       0;32musername = ceshi0;37m0m
0;37m[ 2016-02-18 15:06:19:722 ]	       0;32mbirthday = 1999-02-080;37m0m
0;37m[ 2016-02-18 15:06:19:722 ] # response:   0;32m2000;37m0m
0;37m[ 2016-02-18 15:06:19:723 ] 0m
0;37m[ 2016-02-18 15:06:19:723 ] no. 0;32m40;37m expectation being checked0m
0;37m[ 2016-02-18 15:06:19:724 ] 0;32mword true0;37m should 0;32min .data.res0;37m   [ 0;36mpassed0;37m ]0m
0;37m[ 2016-02-18 15:06:19:746 ] 0m
0;37m[ 2016-02-18 15:06:19:746 ] 0;34m..............................0;37m0m
0;37m[ 2016-02-18 15:06:19:746 ] 0m
0;37m[ 2016-02-18 15:06:19:747 ] ##### case:   0;32mCommon/UploadImg0;37m0m
0;37m[ 2016-02-18 15:06:19:747 ] ####### id:   0;32m5232336e-43e1-bed4-09c4-feb8c5bf78250;37m0m
0;37m[ 2016-02-18 15:06:19:747 ] ### remark:   0;32m上传图片0;37m0m
0;37m[ 2016-02-18 15:06:19:748 ] ## request:   0;32mPOST http://10.0.0.193:9502/common/uploadimg0;37m0m
0;37m[ 2016-02-18 15:06:19:748 ] ##### data:   0;32mimg = u=1641402633,3997056317&fm=111&gp=0.jpg0;37m0m
0;37m[ 2016-02-18 15:06:19:748 ] # response:   0;32m2000;37m0m
0;37m[ 2016-02-18 15:06:19:749 ] 0m
0;37m[ 2016-02-18 15:06:19:749 ] 0;33mno expectation found, passed0;37m0m
0;37m[ 2016-02-18 15:06:19:793 ] 0m
0;37m[ 2016-02-18 15:06:19:793 ] 0;34m..............................0;37m0m
0;37m[ 2016-02-18 15:06:19:794 ] 0m
0;37m[ 2016-02-18 15:06:19:794 ] ##### case:   0;32mUser/AddAddress0;37m0m
0;37m[ 2016-02-18 15:06:19:795 ] ####### id:   0;32m4e602a17-7572-ae90-822f-fa38f7e007160;37m0m
0;37m[ 2016-02-18 15:06:19:795 ] ### remark:   0;32m添加收货地址0;37m0m
0;37m[ 2016-02-18 15:06:19:795 ] ## request:   0;32mPOST http://10.0.0.193:9502/user/addaddress0;37m0m
0;37m[ 2016-02-18 15:06:19:796 ] ##### data:   0;32mprovinceId = 20;37m0m
0;37m[ 2016-02-18 15:06:19:796 ]	       0;32mcityId = 20;37m0m
0;37m[ 2016-02-18 15:06:19:796 ]	       0;32mdistrictId = 30;37m0m
0;37m[ 2016-02-18 15:06:19:797 ]	       0;32mcity = 北京市0;37m0m
0;37m[ 2016-02-18 15:06:19:797 ]	       0;32misDefault = 10;37m0m
0;37m[ 2016-02-18 15:06:19:797 ]	       0;32mdetailAddress = 张江镇0;37m0m
0;37m[ 2016-02-18 15:06:19:798 ]	       0;32mtoken = 4b5f5a7dcfa8deab7e9a5dbc89d7440c0;37m0m
0;37m[ 2016-02-18 15:06:19:798 ]	       0;32mdistrict = 东城区0;37m0m
0;37m[ 2016-02-18 15:06:19:798 ]	       0;32mcontacter = 王小飘0;37m0m
0;37m[ 2016-02-18 15:06:19:799 ]	       0;32mdeliveryType = 10;37m0m
0;37m[ 2016-02-18 15:06:19:799 ]	       0;32mprovince = 北京市0;37m0m
0;37m[ 2016-02-18 15:06:19:799 ]	       0;32mmobile = 150672432140;37m0m
0;37m[ 2016-02-18 15:06:19:800 ] # response:   0;32m2000;37m0m
0;37m[ 2016-02-18 15:06:19:800 ] 0m
0;37m[ 2016-02-18 15:06:19:800 ] no. 0;32m50;37m expectation being checked0m
0;37m[ 2016-02-18 15:06:19:800 ] 0;32mkey mobile0;37m should 0;32min .data0;37m   [ 0;31mfailed0;37m ]0m
0;37m[ 2016-02-18 15:06:19:834 ] 0m
0;37m[ 2016-02-18 15:06:19:834 ] 0;34m..............................0;37m0m
0;37m[ 2016-02-18 15:06:19:835 ] 0m
0;37m[ 2016-02-18 15:06:19:835 ] ##### case:   0;32mUser/UpdateAddress0;37m0m
0;37m[ 2016-02-18 15:06:19:835 ] ####### id:   0;32m9fb254f3-1e59-779d-5bcf-2dda68ee36e10;37m0m
0;37m[ 2016-02-18 15:06:19:836 ] ### remark:   0;32m更新收货地址0;37m0m
0;37m[ 2016-02-18 15:06:19:836 ] ## request:   0;32mPOST http://10.0.0.193:9502/user/updateaddress0;37m0m
0;37m[ 2016-02-18 15:06:19:836 ] ##### data:   0;32mprovinceId = 20;37m0m
0;37m[ 2016-02-18 15:06:19:836 ]	       0;32mcityId = 20;37m0m
0;37m[ 2016-02-18 15:06:19:837 ]	       0;32mdistrictId = 30;37m0m
0;37m[ 2016-02-18 15:06:19:837 ]	       0;32mcity = dd0;37m0m
0;37m[ 2016-02-18 15:06:19:838 ]	       0;32misDefault = 10;37m0m
0;37m[ 2016-02-18 15:06:19:838 ]	       0;32mdetailAddress = 张江镇0;37m0m
0;37m[ 2016-02-18 15:06:19:838 ]	       0;32mtoken = 4b5f5a7dcfa8deab7e9a5dbc89d7440c0;37m0m
0;37m[ 2016-02-18 15:06:19:838 ]	       0;32mdistrict = nn0;37m0m
0;37m[ 2016-02-18 15:06:19:839 ]	       0;32mcontacter = 王小飘0;37m0m
0;37m[ 2016-02-18 15:06:19:839 ]	       0;32maddressId = 100001810;37m0m
0;37m[ 2016-02-18 15:06:19:839 ]	       0;32mdeliveryType = 10;37m0m
0;37m[ 2016-02-18 15:06:19:840 ]	       0;32mprovince = aa0;37m0m
0;37m[ 2016-02-18 15:06:19:840 ]	       0;32mmobile = 150672432140;37m0m
0;37m[ 2016-02-18 15:06:19:840 ] # response:   0;32m2000;37m0m
0;37m[ 2016-02-18 15:06:19:840 ] 0m
0;37m[ 2016-02-18 15:06:19:841 ] no. 0;32m60;37m expectation being checked0m
0;37m[ 2016-02-18 15:06:19:841 ] 0;32mkey mobile0;37m should 0;32min .data0;37m   [ 0;31mfailed0;37m ]0m
0;37m[ 2016-02-18 15:06:19:868 ] 0m
0;37m[ 2016-02-18 15:06:19:868 ] 0;34m..............................0;37m0m
0;37m[ 2016-02-18 15:06:19:869 ] 0m
0;37m[ 2016-02-18 15:06:19:869 ] ##### case:   0;32mUser/DeleteAddress0;37m0m
0;37m[ 2016-02-18 15:06:19:869 ] ####### id:   0;32mf49cf877-906d-2131-d0ca-fbed474609630;37m0m
0;37m[ 2016-02-18 15:06:19:869 ] ### remark:   0;32m删除收货地址0;37m0m
0;37m[ 2016-02-18 15:06:19:870 ] ## request:   0;32mPOST http://10.0.0.193:9502/user/deleteaddress0;37m0m
0;37m[ 2016-02-18 15:06:19:870 ] ##### data:   0;32muserId = 50;37m0m
0;37m[ 2016-02-18 15:06:19:870 ]	       0;32mtoken = 853b8fe05525566f11474aea44dd55930;37m0m
0;37m[ 2016-02-18 15:06:19:871 ]	       0;32maddressId = 60;37m0m
0;37m[ 2016-02-18 15:06:19:871 ] # response:   0;32m2000;37m0m
0;37m[ 2016-02-18 15:06:19:871 ] 0m
0;37m[ 2016-02-18 15:06:19:872 ] 0;33mno expectation found, passed0;37m0m
0;37m[ 2016-02-18 15:06:19:899 ] 0m
0;37m[ 2016-02-18 15:06:19:900 ] 0;34m..............................0;37m0m
0;37m[ 2016-02-18 15:06:19:900 ] 0m
0;37m[ 2016-02-18 15:06:19:900 ] ##### case:   0;32mUser/AddressList0;37m0m
0;37m[ 2016-02-18 15:06:19:901 ] ####### id:   0;32m45975dca-9bf1-015b-a201-e2cdaea7f4270;37m0m
0;37m[ 2016-02-18 15:06:19:901 ] ### remark:   0;32m获取收货地址列表0;37m0m
0;37m[ 2016-02-18 15:06:19:901 ] ## request:   0;32mGET http://10.0.0.193:9502/user/addresslist?token=083cf7b3f627fa8cbd0f2cf3dcb6faf0&userId=5&token=4b5f5a7dcfa8deab7e9a5dbc89d7440c&addressId=60;37m0m
0;37m[ 2016-02-18 15:06:19:901 ] ##### data:   0;32muserId = 50;37m0m
0;37m[ 2016-02-18 15:06:19:902 ]	       0;32mtoken = 4b5f5a7dcfa8deab7e9a5dbc89d7440c0;37m0m
0;37m[ 2016-02-18 15:06:19:902 ]	       0;32maddressId = 60;37m0m
0;37m[ 2016-02-18 15:06:19:902 ] # response:   0;32m2000;37m0m
0;37m[ 2016-02-18 15:06:19:902 ] 0m
0;37m[ 2016-02-18 15:06:19:903 ] no. 0;32m70;37m expectation being checked0m
0;37m[ 2016-02-18 15:06:19:903 ] 0;32mkey mobile0;37m should 0;32min .data.list0;37m   [ 0;36mpassed0;37m ]0m
0;37m[ 2016-02-18 15:06:19:930 ] 0m
0;37m[ 2016-02-18 15:06:19:931 ] 0;34m..............................0;37m0m
0;37m[ 2016-02-18 15:06:19:931 ] 0m
0;37m[ 2016-02-18 15:06:19:931 ] ##### case:   0;32mUser/SetDefaultAddress0;37m0m
0;37m[ 2016-02-18 15:06:19:932 ] ####### id:   0;32mfd082304-6955-8a28-6a2a-400e7739e21d0;37m0m
0;37m[ 2016-02-18 15:06:19:932 ] ### remark:   0;32m设置默认收货地址0;37m0m
0;37m[ 2016-02-18 15:06:19:932 ] ## request:   0;32mGET http://10.0.0.193:9502/user/setdefaultaddress?token=853b8fe05525566f11474aea44dd5593&addressId=5&userId=5&token=4b5f5a7dcfa8deab7e9a5dbc89d7440c&addressId=100001810;37m0m
0;37m[ 2016-02-18 15:06:19:932 ] ##### data:   0;32muserId = 50;37m0m
0;37m[ 2016-02-18 15:06:19:933 ]	       0;32mtoken = 4b5f5a7dcfa8deab7e9a5dbc89d7440c0;37m0m
0;37m[ 2016-02-18 15:06:19:933 ]	       0;32maddressId = 100001810;37m0m
0;37m[ 2016-02-18 15:06:19:933 ] # response:   0;32m2000;37m0m
0;37m[ 2016-02-18 15:06:19:933 ] 0m
0;37m[ 2016-02-18 15:06:19:934 ] no. 0;32m80;37m expectation being checked0m
0;37m[ 2016-02-18 15:06:19:934 ] 0;32mword true0;37m should 0;32min .data.res0;37m   [ 0;31mfailed0;37m ]0m
0;37m[ 2016-02-18 15:06:19:971 ] 0m
0;37m[ 2016-02-18 15:06:19:971 ] 0;34m..............................0;37m0m
0;37m[ 2016-02-18 15:06:19:972 ] 0m
0;37m[ 2016-02-18 15:06:19:972 ] ##### case:   0;32mCommon/GetVerifyCode0;37m0m
0;37m[ 2016-02-18 15:06:19:972 ] ####### id:   0;32m8657c160-7c35-11f9-f12a-20fd9d0f9f850;37m0m
0;37m[ 2016-02-18 15:06:19:973 ] ### remark:   0;32m获取验证码0;37m0m
0;37m[ 2016-02-18 15:06:19:973 ] ## request:   0;32mGET http://10.0.0.193:9502/common/getverifycode?mobile=15957143043&type=2&userId=5&token=853b8fe05525566f11474aea44dd5593&addressId=60;37m0m
0;37m[ 2016-02-18 15:06:19:973 ] ##### data:   0;32muserId = 50;37m0m
0;37m[ 2016-02-18 15:06:19:973 ]	       0;32mtoken = 853b8fe05525566f11474aea44dd55930;37m0m
0;37m[ 2016-02-18 15:06:19:974 ]	       0;32maddressId = 60;37m0m
0;37m[ 2016-02-18 15:06:19:974 ] # response:   0;32m2000;37m0m
0;37m[ 2016-02-18 15:06:19:974 ] 0m
0;37m[ 2016-02-18 15:06:19:974 ] 0;33mno expectation found, passed0;37m0m
0;37m[ 2016-02-18 15:06:20:012 ] 0m
0;37m[ 2016-02-18 15:06:20:013 ] 0;34m..............................0;37m0m
0;37m[ 2016-02-18 15:06:20:013 ] 0m
0;37m[ 2016-02-18 15:06:20:013 ] ##### case:   0;32mCommon/CheckVerifyCode0;37m0m
0;37m[ 2016-02-18 15:06:20:014 ] ####### id:   0;32m4caa79ac-64ff-410b-1083-fc2f3abcea290;37m0m
0;37m[ 2016-02-18 15:06:20:014 ] ### remark:   0;32m检查验证码0;37m0m
0;37m[ 2016-02-18 15:06:20:014 ] ## request:   0;32mGET http://10.0.0.193:9502/common/checkverifycode?type=3&token=3194db5f351c4f40a8867a29032bb1a3&verifyCode=120475&userId=5&token=853b8fe05525566f11474aea44dd5593&addressId=60;37m0m
0;37m[ 2016-02-18 15:06:20:014 ] ##### data:   0;32muserId = 50;37m0m
0;37m[ 2016-02-18 15:06:20:015 ]	       0;32mtoken = 853b8fe05525566f11474aea44dd55930;37m0m
0;37m[ 2016-02-18 15:06:20:015 ]	       0;32maddressId = 60;37m0m
0;37m[ 2016-02-18 15:06:20:015 ] # response:   0;32m2000;37m0m
0;37m[ 2016-02-18 15:06:20:016 ] 0m
0;37m[ 2016-02-18 15:06:20:016 ] 0;33mno expectation found, passed0;37m0m
0;37m[ 2016-02-18 15:06:20:044 ] 0m
0;37m[ 2016-02-18 15:06:20:044 ] 0;34m..............................0;37m0m
0;37m[ 2016-02-18 15:06:20:044 ] 0m
0;37m[ 2016-02-18 15:06:20:045 ] ##### case:   0;32mUser/ChangeMobile0;37m0m
0;37m[ 2016-02-18 15:06:20:045 ] ####### id:   0;32m0a05d482-de9d-cfec-1ca6-ec88da5135e00;37m0m
0;37m[ 2016-02-18 15:06:20:045 ] ### remark:   0;32m换绑手机0;37m0m
0;37m[ 2016-02-18 15:06:20:046 ] ## request:   0;32mPOST http://10.0.0.193:9502/user/changemobile0;37m0m
0;37m[ 2016-02-18 15:06:20:046 ] ##### data:   0;32moriginMobile = 186016520230;37m0m
0;37m[ 2016-02-18 15:06:20:046 ]	       0;32mtoken = 853b8fe05525566f11474aea44dd55930;37m0m
0;37m[ 2016-02-18 15:06:20:047 ]	       0;32mmobile = 170919158590;37m0m
0;37m[ 2016-02-18 15:06:20:047 ]	       0;32mverifyCode = 0803070;37m0m
0;37m[ 2016-02-18 15:06:20:047 ] # response:   0;32m2000;37m0m
0;37m[ 2016-02-18 15:06:20:047 ] 0m
0;37m[ 2016-02-18 15:06:20:048 ] 0;33mno expectation found, passed0;37m0m
0;37m[ 2016-02-18 15:06:20:065 ] 0m
0;37m[ 2016-02-18 15:06:20:065 ] 0;34m..............................0;37m0m
0;37m[ 2016-02-18 15:06:20:066 ] 0m
0;37m[ 2016-02-18 15:06:20:066 ] ##### case:   0;32mUser/ResetPwd0;37m0m
0;37m[ 2016-02-18 15:06:20:067 ] ####### id:   0;32m01fcc80c-3db3-abf3-6563-d1d856b4b3130;37m0m
0;37m[ 2016-02-18 15:06:20:067 ] ### remark:   0;32m重置密码0;37m0m
0;37m[ 2016-02-18 15:06:20:067 ] ## request:   0;32mPOST http://10.0.0.193:9502/user/resetpwd?mobile=18601652023&password=15868388608&verifyCode=111110;37m0m
0;37m[ 2016-02-18 15:06:20:067 ] # response:   0;32m2000;37m0m
0;37m[ 2016-02-18 15:06:20:068 ] 0m
0;37m[ 2016-02-18 15:06:20:068 ] 0;33mno expectation found, passed0;37m0m
0;37m[ 2016-02-18 15:06:20:068 ] 0m
0;37m[ 2016-02-18 15:06:20:068 ] 0;34m..............................0;37m0m
0;37m[ 2016-02-18 15:06:20:068 ] 0m
0;37m[ 2016-02-18 15:06:20:069 ] 0;32mtrying to read file 分类s.json0;37m0m
0;37m[ 2016-02-18 15:06:20:122 ] description: 0;32m1/category/categorylist获取分类列表页
2/product/itemssearch商品搜索0;37m0m
0;37m[ 2016-02-18 15:06:20:122 ] starting test0m
0;37m[ 2016-02-18 15:06:20:152 ] 0m
0;37m[ 2016-02-18 15:06:20:152 ] 0;34m..............................0;37m0m
0;37m[ 2016-02-18 15:06:20:153 ] 0m
0;37m[ 2016-02-18 15:06:20:153 ] ##### case:   0;32mCategory/CategoryList0;37m0m
0;37m[ 2016-02-18 15:06:20:153 ] ####### id:   0;32m7b5c3112-23ac-6968-c480-8bff17a153b20;37m0m
0;37m[ 2016-02-18 15:06:20:154 ] ### remark:   0;32m获取分类列表页0;37m0m
0;37m[ 2016-02-18 15:06:20:154 ] ## request:   0;32mGET http://10.0.0.193:9502/category/categorylist0;37m0m
0;37m[ 2016-02-18 15:06:20:154 ] # response:   0;32m2000;37m0m
0;37m[ 2016-02-18 15:06:20:155 ] 0m
0;37m[ 2016-02-18 15:06:20:155 ] no. 0;32m90;37m expectation being checked0m
0;37m[ 2016-02-18 15:06:20:155 ] 0;32mkey subCategories0;37m should 0;32min .data.list0;37m   [ 0;36mpassed0;37m ]0m
0;37m[ 2016-02-18 15:06:20:178 ] 0m
0;37m[ 2016-02-18 15:06:20:178 ] 0;34m..............................0;37m0m
0;37m[ 2016-02-18 15:06:20:179 ] 0m
0;37m[ 2016-02-18 15:06:20:179 ] ##### case:   0;32mProduct/ItemsSearch0;37m0m
0;37m[ 2016-02-18 15:06:20:179 ] ####### id:   0;32m3c0412fc-20cb-9e73-906f-9549431a1a3e0;37m0m
0;37m[ 2016-02-18 15:06:20:180 ] ### remark:   0;32m商品搜索0;37m0m
0;37m[ 2016-02-18 15:06:20:180 ] ## request:   0;32mGET http://10.0.0.193:9502/product/itemssearch?q=%E5%B7%A7%E5%85%8B%E5%8A%9B0;37m0m
0;37m[ 2016-02-18 15:06:20:180 ] # response:   0;32m2000;37m0m
0;37m[ 2016-02-18 15:06:20:180 ] 0m
0;37m[ 2016-02-18 15:06:20:181 ] no. 0;32m100;37m expectation being checked0m
0;37m[ 2016-02-18 15:06:20:181 ] 0;32mword success0;37m should 0;32min .errmsg0;37m   [ 0;36mpassed0;37m ]0m
0;37m[ 2016-02-18 15:06:20:181 ] 0m
0;37m[ 2016-02-18 15:06:20:182 ] 0;34m..............................0;37m0m
0;37m[ 2016-02-18 15:06:20:182 ] 0m
0;37m[ 2016-02-18 15:06:20:182 ] 0;32mtrying to read file 商品与店铺s.json0;37m0m
0;37m[ 2016-02-18 15:06:20:248 ] description: 0;32m1/ugc/ugclist获取单品评论列表
2/product/productdetail获取商品图文详情
3/product/iteminfo获取单品详情页信息
4/user/unlikeproduct取消收藏单品
5/merchant/merchantinfo获取商户信息
6/merchant/productlist获取商户商品列表
7/product/CheckDelivery检测商品是否符合配送范围0;37m0m
0;37m[ 2016-02-18 15:06:20:248 ] starting test0m
0;37m[ 2016-02-18 15:06:20:281 ] 0m
0;37m[ 2016-02-18 15:06:20:282 ] 0;34m..............................0;37m0m
0;37m[ 2016-02-18 15:06:20:282 ] 0m
0;37m[ 2016-02-18 15:06:20:282 ] ##### case:   0;32mUgc/UgcList0;37m0m
0;37m[ 2016-02-18 15:06:20:282 ] ####### id:   0;32m8a16667e-a421-a860-c667-98943e2d2f500;37m0m
0;37m[ 2016-02-18 15:06:20:283 ] ### remark:   0;32m获取单品评论列表0;37m0m
0;37m[ 2016-02-18 15:06:20:283 ] ## request:   0;32mGET http://10.0.0.193:9502/ugc/ugclist?skuId=1140;37m0m
0;37m[ 2016-02-18 15:06:20:283 ] # response:   0;32m2000;37m0m
0;37m[ 2016-02-18 15:06:20:283 ] 0m
0;37m[ 2016-02-18 15:06:20:284 ] no. 0;32m110;37m expectation being checked0m
0;37m[ 2016-02-18 15:06:20:284 ] 0;32mkey score0;37m should 0;32min .data.list0;37m   [ 0;36mpassed0;37m ]0m
0;37m[ 2016-02-18 15:06:20:317 ] 0m
0;37m[ 2016-02-18 15:06:20:317 ] 0;34m..............................0;37m0m
0;37m[ 2016-02-18 15:06:20:317 ] 0m
0;37m[ 2016-02-18 15:06:20:318 ] ##### case:   0;32mProduct/ProductDetail0;37m0m
0;37m[ 2016-02-18 15:06:20:318 ] ####### id:   0;32mfc1fe1d5-8ce2-933d-18f8-b312e49a876f0;37m0m
0;37m[ 2016-02-18 15:06:20:318 ] ### remark:   0;32m获取商品图文详情0;37m0m
0;37m[ 2016-02-18 15:06:20:319 ] ## request:   0;32mGET http://10.0.0.193:9502/product/productdetail?productId=1140;37m0m
0;37m[ 2016-02-18 15:06:20:319 ] # response:   0;32m2000;37m0m
0;37m[ 2016-02-18 15:06:20:319 ] 0m
0;37m[ 2016-02-18 15:06:20:320 ] no. 0;32m120;37m expectation being checked0m
0;37m[ 2016-02-18 15:06:20:320 ] 0;32mkey graphicDetail0;37m should 0;32min .data0;37m	 [ 0;36mpassed0;37m ]0m
0;37m[ 2016-02-18 15:06:20:358 ] 0m
0;37m[ 2016-02-18 15:06:20:359 ] 0;34m..............................0;37m0m
0;37m[ 2016-02-18 15:06:20:359 ] 0m
0;37m[ 2016-02-18 15:06:20:359 ] ##### case:   0;32mProduct/ItemInfo0;37m0m
0;37m[ 2016-02-18 15:06:20:360 ] ####### id:   0;32me9eedadb-2c75-547c-4183-0f88ee76bef90;37m0m
0;37m[ 2016-02-18 15:06:20:360 ] ### remark:   0;32m获取单品详情页信息0;37m0m
0;37m[ 2016-02-18 15:06:20:360 ] ## request:   0;32mGET http://10.0.0.193:9502/product/iteminfo?productId=113&skuId=1130;37m0m
0;37m[ 2016-02-18 15:06:20:361 ] # response:   0;32m2000;37m0m
0;37m[ 2016-02-18 15:06:20:361 ] 0m
0;37m[ 2016-02-18 15:06:20:361 ] no. 0;32m130;37m expectation being checked0m
0;37m[ 2016-02-18 15:06:20:362 ] 0;32mkey name0;37m should 0;32min .data0;37m	[ 0;36mpassed0;37m ]0m
0;37m[ 2016-02-18 15:06:20:389 ] 0m
0;37m[ 2016-02-18 15:06:20:389 ] 0;34m..............................0;37m0m
0;37m[ 2016-02-18 15:06:20:389 ] 0m
0;37m[ 2016-02-18 15:06:20:390 ] ##### case:   0;32mUser/UnLikeProduct0;37m0m
0;37m[ 2016-02-18 15:06:20:390 ] ####### id:   0;32me1602312-3bbd-62dc-b2f7-8b540754446d0;37m0m
0;37m[ 2016-02-18 15:06:20:390 ] ### remark:   0;32m取消收藏单品0;37m0m
0;37m[ 2016-02-18 15:06:20:390 ] ## request:   0;32mPOST http://10.0.0.193:9502/user/unlikeproduct0;37m0m
0;37m[ 2016-02-18 15:06:20:391 ] ##### data:   0;32muserId = 160;37m0m
0;37m[ 2016-02-18 15:06:20:391 ]	       0;32mskuIds = 122,1200;37m0m
0;37m[ 2016-02-18 15:06:20:391 ]	       0;32mtoken = 4b5f5a7dcfa8deab7e9a5dbc89d7440c0;37m0m
0;37m[ 2016-02-18 15:06:20:391 ] # response:   0;32m2000;37m0m
0;37m[ 2016-02-18 15:06:20:392 ] 0m
0;37m[ 2016-02-18 15:06:20:392 ] no. 0;32m140;37m expectation being checked0m
0;37m[ 2016-02-18 15:06:20:392 ] 0;32mword true0;37m should 0;32min .data.res0;37m   [ 0;36mpassed0;37m ]0m
0;37m[ 2016-02-18 15:06:20:423 ] 0m
0;37m[ 2016-02-18 15:06:20:424 ] 0;34m..............................0;37m0m
0;37m[ 2016-02-18 15:06:20:424 ] 0m
0;37m[ 2016-02-18 15:06:20:425 ] ##### case:   0;32mMerchant/MerchantInfo0;37m0m
0;37m[ 2016-02-18 15:06:20:425 ] ####### id:   0;32m6452905c-4b21-75e5-5b11-e7bd5a435a8b0;37m0m
0;37m[ 2016-02-18 15:06:20:426 ] ### remark:   0;32m获取商户信息0;37m0m
0;37m[ 2016-02-18 15:06:20:426 ] ## request:   0;32mGET http://10.0.0.193:9502/merchant/merchantinfo?merchantId=101&userId=16&skuIds=122%2C1200;37m0m
0;37m[ 2016-02-18 15:06:20:426 ] ##### data:   0;32muserId = 160;37m0m
0;37m[ 2016-02-18 15:06:20:426 ]	       0;32mskuIds = 122,1200;37m0m
0;37m[ 2016-02-18 15:06:20:427 ] # response:   0;32m2000;37m0m
0;37m[ 2016-02-18 15:06:20:427 ] 0m
0;37m[ 2016-02-18 15:06:20:427 ] no. 0;32m150;37m expectation being checked0m
0;37m[ 2016-02-18 15:06:20:428 ] 0;32mkey name0;37m should 0;32min .data0;37m	[ 0;36mpassed0;37m ]0m
0;37m[ 2016-02-18 15:06:20:474 ] 0m
0;37m[ 2016-02-18 15:06:20:474 ] 0;34m..............................0;37m0m
0;37m[ 2016-02-18 15:06:20:475 ] 0m
0;37m[ 2016-02-18 15:06:20:476 ] ##### case:   0;32mMerchant/ProductList0;37m0m
0;37m[ 2016-02-18 15:06:20:477 ] ####### id:   0;32m90188450-e204-5a1e-2b12-8687c3db2f1c0;37m0m
0;37m[ 2016-02-18 15:06:20:478 ] ### remark:   0;32m获取商户商品列表0;37m0m
0;37m[ 2016-02-18 15:06:20:478 ] ## request:   0;32mGET http://10.0.0.193:9502/merchant/productlist?merchantId=101&userId=16&skuIds=122%2C1200;37m0m
0;37m[ 2016-02-18 15:06:20:479 ] ##### data:   0;32muserId = 160;37m0m
0;37m[ 2016-02-18 15:06:20:480 ]	       0;32mskuIds = 122,1200;37m0m
0;37m[ 2016-02-18 15:06:20:481 ] # response:   0;32m2000;37m0m
0;37m[ 2016-02-18 15:06:20:481 ] 0m
0;37m[ 2016-02-18 15:06:20:482 ] no. 0;32m160;37m expectation being checked0m
0;37m[ 2016-02-18 15:06:20:482 ] 0;32mkey name0;37m should 0;32min .data.list0;37m   [ 0;36mpassed0;37m ]0m
0;37m[ 2016-02-18 15:06:20:512 ] 0m
0;37m[ 2016-02-18 15:06:20:513 ] 0;34m..............................0;37m0m
0;37m[ 2016-02-18 15:06:20:513 ] 0m
0;37m[ 2016-02-18 15:06:20:513 ] ##### case:   0;32m/product/CheckDelivery0;37m0m
0;37m[ 2016-02-18 15:06:20:514 ] ####### id:   0;32m4624411c-b554-f401-5050-a5817986091c0;37m0m
0;37m[ 2016-02-18 15:06:20:514 ] ### remark:   0;32m检测商品是否符合配送范围0;37m0m
0;37m[ 2016-02-18 15:06:20:514 ] ## request:   0;32mGET http://10.0.0.193:9502/product/checkdelivery?skuId=109&zoneId=8570;37m0m
0;37m[ 2016-02-18 15:06:20:515 ] # response:   0;32m2000;37m0m
0;37m[ 2016-02-18 15:06:20:515 ] 0m
0;37m[ 2016-02-18 15:06:20:515 ] no. 0;32m170;37m expectation being checked0m
0;37m[ 2016-02-18 15:06:20:515 ] 0;32mword true0;37m should 0;32min .data.res0;37m   [ 0;36mpassed0;37m ]0m
0;37m[ 2016-02-18 15:06:20:516 ] 0m
0;37m[ 2016-02-18 15:06:20:516 ] 0;34m..............................0;37m0m
0;37m[ 2016-02-18 15:06:20:516 ] 0m
0;37m[ 2016-02-18 15:06:20:517 ] 0;32mtrying to read file 支付与购买s.json0;37m0m
0;37m[ 2016-02-18 15:06:20:611 ] description: 0;32m1/user/getusercart获取购物车
2/user/addskutocart添加单品到购物车
3/user/deletecartsku批量删除购物车商品
4/user/clearcart清空购物车
5/user/likeproduct收藏商品
6/user/likeproductfromcart从购物车收藏商品
7/order/orderinit初始化订单
8/order/cancelorder取消订单
9/order/submitorder提交订单
10/order/orderpay申请订单支付
11/order/orderpayconfirm客户端确认支付完成0;37m0m
0;37m[ 2016-02-18 15:06:20:612 ] starting test0m
0;37m[ 2016-02-18 15:06:20:701 ] 0m
0;37m[ 2016-02-18 15:06:20:702 ] 0;34m..............................0;37m0m
0;37m[ 2016-02-18 15:06:20:702 ] 0m
0;37m[ 2016-02-18 15:06:20:702 ] ##### case:   0;32mUser/GetUserCart0;37m0m
0;37m[ 2016-02-18 15:06:20:703 ] ####### id:   0;32md3d3f46e-558a-c08b-d542-e354e0c324540;37m0m
0;37m[ 2016-02-18 15:06:20:703 ] ### remark:   0;32m获取购物车0;37m0m
0;37m[ 2016-02-18 15:06:20:703 ] ## request:   0;32mGET http://10.0.0.193:9502/user/getusercart?userId=1&token=4b5f5a7dcfa8deab7e9a5dbc89d7440c&pageNum=10;37m0m
0;37m[ 2016-02-18 15:06:20:704 ] # response:   0;32m2000;37m0m
0;37m[ 2016-02-18 15:06:20:704 ] 0m
0;37m[ 2016-02-18 15:06:20:704 ] no. 0;32m180;37m expectation being checked0m
0;37m[ 2016-02-18 15:06:20:705 ] 0;32mkey list0;37m should 0;32min .data0;37m	[ 0;36mpassed0;37m ]0m
0;37m[ 2016-02-18 15:06:20:845 ] 0m
0;37m[ 2016-02-18 15:06:20:845 ] 0;34m..............................0;37m0m
0;37m[ 2016-02-18 15:06:20:846 ] 0m
0;37m[ 2016-02-18 15:06:20:846 ] ##### case:   0;32mSku/AddSkuToCart0;37m0m
0;37m[ 2016-02-18 15:06:20:847 ] ####### id:   0;32m8c4c1e6f-944b-4299-9c8a-119ef0f58c1e0;37m0m
0;37m[ 2016-02-18 15:06:20:847 ] ### remark:   0;32m添加单品到购物车0;37m0m
0;37m[ 2016-02-18 15:06:20:847 ] ## request:   0;32mPOST http://10.0.0.193:9502/user/addskutocart0;37m0m
0;37m[ 2016-02-18 15:06:20:848 ] ##### data:   0;32mskuId = 1090;37m0m
0;37m[ 2016-02-18 15:06:20:848 ]	       0;32mtoken = 4b5f5a7dcfa8deab7e9a5dbc89d7440c0;37m0m
0;37m[ 2016-02-18 15:06:20:848 ]	       0;32mtype = 10;37m0m
0;37m[ 2016-02-18 15:06:20:848 ]	       0;32mprice = 99470;37m0m
0;37m[ 2016-02-18 15:06:20:849 ]	       0;32mamount = 10;37m0m
0;37m[ 2016-02-18 15:06:20:849 ] # response:   0;32m2000;37m0m
0;37m[ 2016-02-18 15:06:20:849 ] 0m
0;37m[ 2016-02-18 15:06:20:850 ] no. 0;32m190;37m expectation being checked0m
0;37m[ 2016-02-18 15:06:20:850 ] 0;32mword true0;37m should 0;32min .data.res0;37m   [ 0;36mpassed0;37m ]0m
0;37m[ 2016-02-18 15:06:20:980 ] 0m
0;37m[ 2016-02-18 15:06:20:980 ] 0;34m..............................0;37m0m
0;37m[ 2016-02-18 15:06:20:981 ] 0m
0;37m[ 2016-02-18 15:06:20:981 ] ##### case:   0;32mUser/DeleteCartSku0;37m0m
0;37m[ 2016-02-18 15:06:20:981 ] ####### id:   0;32m7bf7e8b9-b798-b356-c576-4e0a7a9f3fca0;37m0m
0;37m[ 2016-02-18 15:06:20:982 ] ### remark:   0;32m批量删除购物车商品0;37m0m
0;37m[ 2016-02-18 15:06:20:982 ] ## request:   0;32mPOST http://10.0.0.193:9502/user/deletecartsku0;37m0m
0;37m[ 2016-02-18 15:06:20:982 ] ##### data:   0;32mtoken = 4b5f5a7dcfa8deab7e9a5dbc89d7440c0;37m0m
0;37m[ 2016-02-18 15:06:20:982 ]	       0;32mskusInfo = [{"skuId":109,"amount":1}]0;37m0m
0;37m[ 2016-02-18 15:06:20:983 ] # response:   0;32m2000;37m0m
0;37m[ 2016-02-18 15:06:20:983 ] 0m
0;37m[ 2016-02-18 15:06:20:983 ] no. 0;32m200;37m expectation being checked0m
0;37m[ 2016-02-18 15:06:20:984 ] 0;32mword true0;37m should 0;32min .data.res0;37m   [ 0;36mpassed0;37m ]0m
0;37m[ 2016-02-18 15:06:21:061 ] 0m
0;37m[ 2016-02-18 15:06:21:062 ] 0;34m..............................0;37m0m
0;37m[ 2016-02-18 15:06:21:063 ] 0m
0;37m[ 2016-02-18 15:06:21:063 ] ##### case:   0;32mUser/ClearCart0;37m0m
0;37m[ 2016-02-18 15:06:21:063 ] ####### id:   0;32mfdd6b300-2fd5-fcc5-87ce-f40ed7600e640;37m0m
0;37m[ 2016-02-18 15:06:21:063 ] ### remark:   0;32m清空购物车0;37m0m
0;37m[ 2016-02-18 15:06:21:064 ] ## request:   0;32mPOST http://10.0.0.193:9502/user/clearcart0;37m0m
0;37m[ 2016-02-18 15:06:21:064 ] ##### data:   0;32mtoken = 4b5f5a7dcfa8deab7e9a5dbc89d7440c0;37m0m
0;37m[ 2016-02-18 15:06:21:064 ] # response:   0;32m2000;37m0m
0;37m[ 2016-02-18 15:06:21:064 ] 0m
0;37m[ 2016-02-18 15:06:21:065 ] no. 0;32m210;37m expectation being checked0m
0;37m[ 2016-02-18 15:06:21:065 ] 0;32mword true0;37m should 0;32min .data.res0;37m   [ 0;36mpassed0;37m ]0m
0;37m[ 2016-02-18 15:06:21:145 ] 0m
0;37m[ 2016-02-18 15:06:21:145 ] 0;34m..............................0;37m0m
0;37m[ 2016-02-18 15:06:21:146 ] 0m
0;37m[ 2016-02-18 15:06:21:146 ] ##### case:   0;32mUser/LikeProduct0;37m0m
0;37m[ 2016-02-18 15:06:21:146 ] ####### id:   0;32m0837aba1-c770-8157-9440-571551cfd8e70;37m0m
0;37m[ 2016-02-18 15:06:21:147 ] ### remark:   0;32m收藏商品0;37m0m
0;37m[ 2016-02-18 15:06:21:147 ] ## request:   0;32mPOST http://10.0.0.193:9502/user/likeproduct0;37m0m
0;37m[ 2016-02-18 15:06:21:147 ] ##### data:   0;32mskuIds = 1130;37m0m
0;37m[ 2016-02-18 15:06:21:148 ]	       0;32mtoken = 4b5f5a7dcfa8deab7e9a5dbc89d7440c0;37m0m
0;37m[ 2016-02-18 15:06:21:148 ] # response:   0;32m2000;37m0m
0;37m[ 2016-02-18 15:06:21:149 ] 0m
0;37m[ 2016-02-18 15:06:21:149 ] no. 0;32m220;37m expectation being checked0m
0;37m[ 2016-02-18 15:06:21:150 ] 0;32mword true0;37m should 0;32min .data.res0;37m   [ 0;36mpassed0;37m ]0m
0;37m[ 2016-02-18 15:06:21:286 ] 0m
0;37m[ 2016-02-18 15:06:21:286 ] 0;34m..............................0;37m0m
0;37m[ 2016-02-18 15:06:21:286 ] 0m
0;37m[ 2016-02-18 15:06:21:287 ] ##### case:   0;32mUser/LikeProductFromCart0;37m0m
0;37m[ 2016-02-18 15:06:21:287 ] ####### id:   0;32m2f91588c-613e-d500-a0c0-cd1922f7c88f0;37m0m
0;37m[ 2016-02-18 15:06:21:287 ] ### remark:   0;32m从购物车收藏商品0;37m0m
0;37m[ 2016-02-18 15:06:21:288 ] ## request:   0;32mPOST http://10.0.0.193:9502/user/likeproductfromcart0;37m0m
0;37m[ 2016-02-18 15:06:21:288 ] ##### data:   0;32mtoken = 4b5f5a7dcfa8deab7e9a5dbc89d7440c0;37m0m
0;37m[ 2016-02-18 15:06:21:288 ]	       0;32mskusInfo = [{"skuId":113, "amount":12}]0;37m0m
0;37m[ 2016-02-18 15:06:21:288 ] # response:   0;32m2000;37m0m
0;37m[ 2016-02-18 15:06:21:289 ] 0m
0;37m[ 2016-02-18 15:06:21:289 ] no. 0;32m230;37m expectation being checked0m
0;37m[ 2016-02-18 15:06:21:289 ] 0;32mword true0;37m should 0;32min .data.res0;37m   [ 0;36mpassed0;37m ]0m
0;37m[ 2016-02-18 15:06:21:395 ] 0m
0;37m[ 2016-02-18 15:06:21:396 ] 0;34m..............................0;37m0m
0;37m[ 2016-02-18 15:06:21:396 ] 0m
0;37m[ 2016-02-18 15:06:21:397 ] ##### case:   0;32mOrder/OrderInit0;37m0m
0;37m[ 2016-02-18 15:06:21:397 ] ####### id:   0;32m62aa0d53-86cf-8a9c-5c1e-ef0671eb76bc0;37m0m
0;37m[ 2016-02-18 15:06:21:397 ] ### remark:   0;32m初始化订单0;37m0m
0;37m[ 2016-02-18 15:06:21:398 ] ## request:   0;32mPOST http://10.0.0.193:9502/order/orderinit0;37m0m
0;37m[ 2016-02-18 15:06:21:398 ] ##### data:   0;32mtoken = 4b5f5a7dcfa8deab7e9a5dbc89d7440c0;37m0m
0;37m[ 2016-02-18 15:06:21:398 ]	       0;32mskusInfo = [{"skuId":109,"amount":"1","price":"9900"}]0;37m0m
0;37m[ 2016-02-18 15:06:21:399 ] # response:   0;32m2000;37m0m
0;37m[ 2016-02-18 15:06:21:399 ] 0m
0;37m[ 2016-02-18 15:06:21:399 ] no. 0;32m240;37m expectation being checked0m
0;37m[ 2016-02-18 15:06:21:400 ] 0;32mkey confirmSid0;37m should 0;32min .data0;37m   [ 0;36mpassed0;37m ]0m
0;37m[ 2016-02-18 15:06:21:427 ] 0m
0;37m[ 2016-02-18 15:06:21:427 ] 0;34m..............................0;37m0m
0;37m[ 2016-02-18 15:06:21:428 ] 0m
0;37m[ 2016-02-18 15:06:21:428 ] ##### case:   0;32mOrder/CancelOrder0;37m0m
0;37m[ 2016-02-18 15:06:21:428 ] ####### id:   0;32mf64fad2c-b4ab-931e-9c98-01c9e57309e70;37m0m
0;37m[ 2016-02-18 15:06:21:429 ] ### remark:   0;32m取消订单0;37m0m
0;37m[ 2016-02-18 15:06:21:429 ] ## request:   0;32mPOST http://10.0.0.193:9502/order/cancelorder0;37m0m
0;37m[ 2016-02-18 15:06:21:429 ] ##### data:   0;32mtoken = fb930e094df88a426649fe4b26cda8940;37m0m
0;37m[ 2016-02-18 15:06:21:430 ]	       0;32morderId = 2210;37m0m
0;37m[ 2016-02-18 15:06:21:430 ]	       0;32mreason = 10;37m0m
0;37m[ 2016-02-18 15:06:21:430 ] # response:   0;32m2000;37m0m
0;37m[ 2016-02-18 15:06:21:431 ] 0m
0;37m[ 2016-02-18 15:06:21:431 ] 0;33mno expectation found, passed0;37m0m
0;37m[ 2016-02-18 15:06:21:459 ] 0m
0;37m[ 2016-02-18 15:06:21:460 ] 0;34m..............................0;37m0m
0;37m[ 2016-02-18 15:06:21:461 ] 0m
0;37m[ 2016-02-18 15:06:21:461 ] ##### case:   0;32mOrder/SubmitOrder0;37m0m
0;37m[ 2016-02-18 15:06:21:461 ] ####### id:   0;32mccb9bf24-31ca-d562-89ce-c53833f9a1400;37m0m
0;37m[ 2016-02-18 15:06:21:462 ] ### remark:   0;32m提交订单0;37m0m
0;37m[ 2016-02-18 15:06:21:462 ] ## request:   0;32mPOST http://10.0.0.193:9502/order/submitorder0;37m0m
0;37m[ 2016-02-18 15:06:21:462 ] ##### data:   0;32mconfirmOrderSerialId = e13054c3079478e403013b3db03c9d130;37m0m
0;37m[ 2016-02-18 15:06:21:462 ]	       0;32mtoken = fb930e094df88a426649fe4b26cda8940;37m0m
0;37m[ 2016-02-18 15:06:21:463 ]	       0;32maddressId = 100001790;37m0m
0;37m[ 2016-02-18 15:06:21:463 ]	       0;32maddress = {"deliveryProvince":"浙江省","deliveryCity":"嘉兴市","deliveryDistrict":"秀洲区","deliveryDetailAddress":"中山路100号2号楼207","consignee":"子画","consigneePhone":"17091915856"}0;37m0m
0;37m[ 2016-02-18 15:06:21:463 ]	       0;32minvoice = {"type":1,"title":""}0;37m0m
0;37m[ 2016-02-18 15:06:21:464 ]	       0;32mnotes = ["亲,你好","",""]0;37m0m
0;37m[ 2016-02-18 15:06:21:464 ] # response:   0;32m2000;37m0m
0;37m[ 2016-02-18 15:06:21:464 ] 0m
0;37m[ 2016-02-18 15:06:21:465 ] 0;33mno expectation found, passed0;37m0m
0;37m[ 2016-02-18 15:06:21:493 ] 0m
0;37m[ 2016-02-18 15:06:21:494 ] 0;34m..............................0;37m0m
0;37m[ 2016-02-18 15:06:21:494 ] 0m
0;37m[ 2016-02-18 15:06:21:495 ] ##### case:   0;32mOrder/OrderPay0;37m0m
0;37m[ 2016-02-18 15:06:21:495 ] ####### id:   0;32m322b687c-db15-fdc4-de7d-0d86b0ca36840;37m0m
0;37m[ 2016-02-18 15:06:21:495 ] ### remark:   0;32m申请订单支付0;37m0m
0;37m[ 2016-02-18 15:06:21:495 ] ## request:   0;32mPOST http://10.0.0.193:9502/order/orderpay0;37m0m
0;37m[ 2016-02-18 15:06:21:496 ] ##### data:   0;32mtype = 10;37m0m
0;37m[ 2016-02-18 15:06:21:496 ]	       0;32mtoken = 4b5f5a7dcfa8deab7e9a5dbc89d7440c0;37m0m
0;37m[ 2016-02-18 15:06:21:496 ]	       0;32morderIds = 21474839210;37m0m
0;37m[ 2016-02-18 15:06:21:497 ] # response:   0;32m2000;37m0m
0;37m[ 2016-02-18 15:06:21:497 ] 0m
0;37m[ 2016-02-18 15:06:21:497 ] no. 0;32m250;37m expectation being checked0m
0;37m[ 2016-02-18 15:06:21:498 ] 0;32mkey paymentId0;37m should 0;32min .data0;37m   [ 0;31mfailed0;37m ]0m
0;37m[ 2016-02-18 15:06:21:526 ] 0m
0;37m[ 2016-02-18 15:06:21:526 ] 0;34m..............................0;37m0m
0;37m[ 2016-02-18 15:06:21:527 ] 0m
0;37m[ 2016-02-18 15:06:21:527 ] ##### case:   0;32mOrder/OrderPayConfirm0;37m0m
0;37m[ 2016-02-18 15:06:21:527 ] ####### id:   0;32m6c5d08b8-2ce0-8aa6-03ac-c20df09826b20;37m0m
0;37m[ 2016-02-18 15:06:21:528 ] ### remark:   0;32m客户端确认支付完成0;37m0m
0;37m[ 2016-02-18 15:06:21:528 ] ## request:   0;32mGET http://10.0.0.193:9502/order/orderpayconfirm?paymentId=3&token=fb930e094df88a426649fe4b26cda894&type=1&token=49e2c52fc2e1051c58e11daace64ab5f&orderIds=420;37m0m
0;37m[ 2016-02-18 15:06:21:528 ] ##### data:   0;32mtype = 10;37m0m
0;37m[ 2016-02-18 15:06:21:529 ]	       0;32mtoken = 49e2c52fc2e1051c58e11daace64ab5f0;37m0m
0;37m[ 2016-02-18 15:06:21:529 ]	       0;32morderIds = 420;37m0m
0;37m[ 2016-02-18 15:06:21:529 ] # response:   0;32m2000;37m0m
0;37m[ 2016-02-18 15:06:21:530 ] 0m
0;37m[ 2016-02-18 15:06:21:530 ] 0;33mno expectation found, passed0;37m0m
0;37m[ 2016-02-18 15:06:21:530 ] 0m
0;37m[ 2016-02-18 15:06:21:531 ] 0;34m..............................0;37m0m
0;37m[ 2016-02-18 15:06:21:531 ] 0m
0;37m[ 2016-02-18 15:06:21:531 ] 0;32mtrying to read file 注册与登录s.json0;37m0m
0;37m[ 2016-02-18 15:06:21:532 ] description: 0;32m1/user/register注册
2/common/getverifycode获取验证码
3/common/initconfig初始化配置
4/user/login登录
5/user/resetpwd重置密码0;37m0m
0;37m[ 2016-02-18 15:06:21:532 ] starting test0m
0;37m[ 2016-02-18 15:06:21:550 ] 0m
0;37m[ 2016-02-18 15:06:21:550 ] 0;34m..............................0;37m0m
0;37m[ 2016-02-18 15:06:21:551 ] 0m
0;37m[ 2016-02-18 15:06:21:551 ] ##### case:   0;32mUser/Register0;37m0m
0;37m[ 2016-02-18 15:06:21:551 ] ####### id:   0;32m5e336e25-8bd0-11ad-0ccd-92f399efa71f0;37m0m
0;37m[ 2016-02-18 15:06:21:552 ] ### remark:   0;32m注册0;37m0m
0;37m[ 2016-02-18 15:06:21:552 ] ## request:   0;32mPOST http://10.0.0.193:9502/user/register0;37m0m
0;37m[ 2016-02-18 15:06:21:552 ] ##### data:   0;32mtype = 10;37m0m
0;37m[ 2016-02-18 15:06:21:552 ]	       0;32mpassword = 158683886080;37m0m
0;37m[ 2016-02-18 15:06:21:553 ]	       0;32mmobile = 186016520230;37m0m
0;37m[ 2016-02-18 15:06:21:553 ]	       0;32mverifyCode = 1234560;37m0m
0;37m[ 2016-02-18 15:06:21:553 ] # response:   0;32m2000;37m0m
0;37m[ 2016-02-18 15:06:21:553 ] 0m
0;37m[ 2016-02-18 15:06:21:554 ] 0;33mno expectation found, passed0;37m0m
0;37m[ 2016-02-18 15:06:21:582 ] 0m
0;37m[ 2016-02-18 15:06:21:582 ] 0;34m..............................0;37m0m
0;37m[ 2016-02-18 15:06:21:582 ] 0m
0;37m[ 2016-02-18 15:06:21:583 ] ##### case:   0;32mCommon/GetVerifyCode0;37m0m
0;37m[ 2016-02-18 15:06:21:583 ] ####### id:   0;32m3f2d82a4-0bd9-912f-3f74-23c967d358820;37m0m
0;37m[ 2016-02-18 15:06:21:583 ] ### remark:   0;32m获取验证码0;37m0m
0;37m[ 2016-02-18 15:06:21:583 ] ## request:   0;32mGET http://10.0.0.193:9502/common/getverifycode?mobile=15957143043&type=2&userId=16&skuIds=122%2C1200;37m0m
0;37m[ 2016-02-18 15:06:21:584 ] ##### data:   0;32muserId = 160;37m0m
0;37m[ 2016-02-18 15:06:21:584 ]	       0;32mskuIds = 122,1200;37m0m
0;37m[ 2016-02-18 15:06:21:584 ] # response:   0;32m2000;37m0m
0;37m[ 2016-02-18 15:06:21:584 ] 0m
0;37m[ 2016-02-18 15:06:21:585 ] 0;33mno expectation found, passed0;37m0m
0;37m[ 2016-02-18 15:06:21:612 ] 0m
0;37m[ 2016-02-18 15:06:21:612 ] 0;34m..............................0;37m0m
0;37m[ 2016-02-18 15:06:21:613 ] 0m
0;37m[ 2016-02-18 15:06:21:613 ] ##### case:   0;32mCommon/InitConfig0;37m0m
0;37m[ 2016-02-18 15:06:21:613 ] ####### id:   0;32m335979c3-b1ea-900b-17ac-5b89d16196dc0;37m0m
0;37m[ 2016-02-18 15:06:21:614 ] ### remark:   0;32m初始化配置0;37m0m
0;37m[ 2016-02-18 15:06:21:614 ] ## request:   0;32mGET http://10.0.0.193:9502/common/initconfig?userId=16&skuIds=122%2C1200;37m0m
0;37m[ 2016-02-18 15:06:21:614 ] ##### data:   0;32muserId = 160;37m0m
0;37m[ 2016-02-18 15:06:21:614 ]	       0;32mskuIds = 122,1200;37m0m
0;37m[ 2016-02-18 15:06:21:615 ] # response:   0;32m2000;37m0m
0;37m[ 2016-02-18 15:06:21:615 ] 0m
0;37m[ 2016-02-18 15:06:21:615 ] no. 0;32m260;37m expectation being checked0m
0;37m[ 2016-02-18 15:06:21:616 ] 0;32mkey userAgreement0;37m should 0;32min .data0;37m	 [ 0;36mpassed0;37m ]0m
0;37m[ 2016-02-18 15:06:21:762 ] 0m
0;37m[ 2016-02-18 15:06:21:763 ] 0;34m..............................0;37m0m
0;37m[ 2016-02-18 15:06:21:763 ] 0m
0;37m[ 2016-02-18 15:06:21:763 ] ##### case:   0;32mUser/Login0;37m0m
0;37m[ 2016-02-18 15:06:21:764 ] ####### id:   0;32md9a60621-e40f-1a21-7eec-1898443b7a1e0;37m0m
0;37m[ 2016-02-18 15:06:21:764 ] ### remark:   0;32m登录0;37m0m
0;37m[ 2016-02-18 15:06:21:764 ] ## request:   0;32mPOST http://10.0.0.193:9502/user/login0;37m0m
0;37m[ 2016-02-18 15:06:21:764 ] ##### data:   0;32mtype = 10;37m0m
0;37m[ 2016-02-18 15:06:21:765 ]	       0;32mpassword = 1234560;37m0m
0;37m[ 2016-02-18 15:06:21:765 ]	       0;32mmobile = 136017864310;37m0m
0;37m[ 2016-02-18 15:06:21:765 ] # response:   0;32m2000;37m0m
0;37m[ 2016-02-18 15:06:21:765 ] 0m
0;37m[ 2016-02-18 15:06:21:766 ] no. 0;32m270;37m expectation being checked0m
0;37m[ 2016-02-18 15:06:21:766 ] 0;32mkey username0;37m should 0;32min .data0;37m   [ 0;36mpassed0;37m ]0m
0;37m[ 2016-02-18 15:06:21:785 ] 0m
0;37m[ 2016-02-18 15:06:21:786 ] 0;34m..............................0;37m0m
0;37m[ 2016-02-18 15:06:21:786 ] 0m
0;37m[ 2016-02-18 15:06:21:786 ] ##### case:   0;32mUser/ResetPwd0;37m0m
0;37m[ 2016-02-18 15:06:21:787 ] ####### id:   0;32m3dc01212-c0b9-6a76-37b9-a4c88d44788d0;37m0m
0;37m[ 2016-02-18 15:06:21:787 ] ### remark:   0;32m重置密码0;37m0m
0;37m[ 2016-02-18 15:06:21:788 ] ## request:   0;32mPOST http://10.0.0.193:9502/user/resetpwd?mobile=18601652023&password=15868388608&verifyCode=111110;37m0m
0;37m[ 2016-02-18 15:06:21:788 ] # response:   0;32m2000;37m0m
0;37m[ 2016-02-18 15:06:21:789 ] 0m
0;37m[ 2016-02-18 15:06:21:789 ] 0;33mno expectation found, passed0;37m0m
0;37m[ 2016-02-18 15:06:21:790 ] 0m
0;37m[ 2016-02-18 15:06:21:790 ] 0;34m..............................0;37m0m
0;37m[ 2016-02-18 15:06:21:791 ] 0m
0;37m[ 2016-02-18 15:06:21:791 ] 0;32mtrying to read file 订单管理s.json0;37m0m
0;37m[ 2016-02-18 15:06:21:793 ] description: 0;32m1/order/getuserorders获取订单列表
2/order/cancelorder取消订单
3/order/waitcommentlist获取待评论订单
4/order/userorderconfirm订单确认收货
5/order/orderdetail获取订单详情
6/ugc/usercomment评论订单
7/order/userserviceorders获取售后订单0;37m0m
0;37m[ 2016-02-18 15:06:21:794 ] starting test0m
0;37m[ 2016-02-18 15:06:21:831 ] 0m
0;37m[ 2016-02-18 15:06:21:831 ] 0;34m..............................0;37m0m
0;37m[ 2016-02-18 15:06:21:832 ] 0m
0;37m[ 2016-02-18 15:06:21:868 ] ##### case:   0;32mOrder/GetUserOrders0;37m0m
0;37m[ 2016-02-18 15:06:21:868 ] ####### id:   0;32m6a6aca21-fd74-d773-4b24-5cbee25037e30;37m0m
0;37m[ 2016-02-18 15:06:21:869 ] ### remark:   0;32m获取订单列表0;37m0m
0;37m[ 2016-02-18 15:06:21:869 ] ## request:   0;32mGET http://10.0.0.193:9502/order/getuserorders?token=49e2c52fc2e1051c58e11daace64ab5f&type=0&token=4b5f5a7dcfa8deab7e9a5dbc89d7440c&orderId=221&reason=10;37m0m
0;37m[ 2016-02-18 15:06:21:870 ] ##### data:   0;32mtoken = 4b5f5a7dcfa8deab7e9a5dbc89d7440c0;37m0m
0;37m[ 2016-02-18 15:06:21:870 ]	       0;32morderId = 2210;37m0m
0;37m[ 2016-02-18 15:06:21:871 ]	       0;32mreason = 10;37m0m
0;37m[ 2016-02-18 15:06:21:872 ] # response:   0;32m2000;37m0m
0;37m[ 2016-02-18 15:06:21:872 ] 0m
0;37m[ 2016-02-18 15:06:21:873 ] no. 0;32m280;37m expectation being checked0m
0;37m[ 2016-02-18 15:06:21:873 ] 0;32mkey id0;37m should 0;32min .data.list0;37m   [ 0;31mfailed0;37m ]0m
0;37m[ 2016-02-18 15:06:21:903 ] 0m
0;37m[ 2016-02-18 15:06:21:903 ] 0;34m..............................0;37m0m
0;37m[ 2016-02-18 15:06:21:904 ] 0m
0;37m[ 2016-02-18 15:06:21:904 ] ##### case:   0;32mOrder/CancelOrder0;37m0m
0;37m[ 2016-02-18 15:06:21:904 ] ####### id:   0;32md5d124ef-7385-0b4f-95ba-350822a1f5c50;37m0m
0;37m[ 2016-02-18 15:06:21:905 ] ### remark:   0;32m取消订单0;37m0m
0;37m[ 2016-02-18 15:06:22:094 ] ## request:   0;32mPOST http://10.0.0.193:9502/order/cancelorder0;37m0m
0;37m[ 2016-02-18 15:06:22:095 ] ##### data:   0;32mtoken = fb930e094df88a426649fe4b26cda8940;37m0m
0;37m[ 2016-02-18 15:06:22:095 ]	       0;32morderId = 290;37m0m
0;37m[ 2016-02-18 15:06:22:096 ]	       0;32mreason = 10;37m0m
0;37m[ 2016-02-18 15:06:22:096 ] # response:   0;32m2000;37m0m
0;37m[ 2016-02-18 15:06:22:096 ] 0m
0;37m[ 2016-02-18 15:06:22:097 ] 0;33mno expectation found, passed0;37m0m
0;37m[ 2016-02-18 15:06:22:135 ] 0m
0;37m[ 2016-02-18 15:06:22:135 ] 0;34m..............................0;37m0m
0;37m[ 2016-02-18 15:06:22:136 ] 0m
0;37m[ 2016-02-18 15:06:22:136 ] ##### case:   0;32mOrder/WaitCommentList0;37m0m
0;37m[ 2016-02-18 15:06:22:136 ] ####### id:   0;32m1c9becb4-f536-6252-eeb2-57880e1b89af0;37m0m
0;37m[ 2016-02-18 15:06:22:137 ] ### remark:   0;32m获取待评论订单0;37m0m
0;37m[ 2016-02-18 15:06:22:137 ] ## request:   0;32mGET http://10.0.0.193:9502/order/waitcommentlist?token=49e2c52fc2e1051c58e11daace64ab5f&token=4b5f5a7dcfa8deab7e9a5dbc89d7440c&orderId=290;37m0m
0;37m[ 2016-02-18 15:06:22:138 ] ##### data:   0;32mtoken = 4b5f5a7dcfa8deab7e9a5dbc89d7440c0;37m0m
0;37m[ 2016-02-18 15:06:22:138 ]	       0;32morderId = 290;37m0m
0;37m[ 2016-02-18 15:06:22:138 ] # response:   0;32m2000;37m0m
0;37m[ 2016-02-18 15:06:22:138 ] 0m
0;37m[ 2016-02-18 15:06:22:139 ] no. 0;32m290;37m expectation being checked0m
0;37m[ 2016-02-18 15:06:22:139 ] 0;32mkey list0;37m should 0;32min .data0;37m	[ 0;36mpassed0;37m ]0m
0;37m[ 2016-02-18 15:06:22:170 ] 0m
0;37m[ 2016-02-18 15:06:22:170 ] 0;34m..............................0;37m0m
0;37m[ 2016-02-18 15:06:22:170 ] 0m
0;37m[ 2016-02-18 15:06:22:171 ] ##### case:   0;32mOrder/UserOrderConfirm0;37m0m
0;37m[ 2016-02-18 15:06:22:171 ] ####### id:   0;32m84dc5f5a-b939-46b9-2c73-9edf4a0c44dd0;37m0m
0;37m[ 2016-02-18 15:06:22:171 ] ### remark:   0;32m订单确认收货0;37m0m
0;37m[ 2016-02-18 15:06:22:172 ] ## request:   0;32mPOST http://10.0.0.193:9502/order/userorderconfirm?token=9ff80c2be0204eb72110bc485b155e81&orderId=3600;37m0m
0;37m[ 2016-02-18 15:06:22:172 ] # response:   0;32m2000;37m0m
0;37m[ 2016-02-18 15:06:22:172 ] 0m
0;37m[ 2016-02-18 15:06:22:172 ] 0;33mno expectation found, passed0;37m0m
0;37m[ 2016-02-18 15:06:22:205 ] 0m
0;37m[ 2016-02-18 15:06:22:206 ] 0;34m..............................0;37m0m
0;37m[ 2016-02-18 15:06:22:207 ] 0m
0;37m[ 2016-02-18 15:06:22:207 ] ##### case:   0;32mOrder/OrderDetail0;37m0m
0;37m[ 2016-02-18 15:06:22:207 ] ####### id:   0;32me22c6aca-5d05-7387-a799-f98609af47d80;37m0m
0;37m[ 2016-02-18 15:06:22:208 ] ### remark:   0;32m获取订单详情0;37m0m
0;37m[ 2016-02-18 15:06:22:208 ] ## request:   0;32mGET http://10.0.0.193:9502/order/orderdetail?orderId=2147483921&token=4b5f5a7dcfa8deab7e9a5dbc89d7440c0;37m0m
0;37m[ 2016-02-18 15:06:22:208 ] # response:   0;32m2000;37m0m
0;37m[ 2016-02-18 15:06:22:209 ] 0m
0;37m[ 2016-02-18 15:06:22:209 ] no. 0;32m300;37m expectation being checked0m
0;37m[ 2016-02-18 15:06:22:210 ] 0;32mkey id0;37m should 0;32min .data0;37m   [ 0;31mfailed0;37m ]0m
0;37m[ 2016-02-18 15:06:22:240 ] 0m
0;37m[ 2016-02-18 15:06:22:240 ] 0;34m..............................0;37m0m
0;37m[ 2016-02-18 15:06:22:240 ] 0m
0;37m[ 2016-02-18 15:06:22:241 ] ##### case:   0;32mUgc/UserComment0;37m0m
0;37m[ 2016-02-18 15:06:22:241 ] ####### id:   0;32ma222f69d-1210-66b9-be76-36f6161aaa4b0;37m0m
0;37m[ 2016-02-18 15:06:22:242 ] ### remark:   0;32m评论订单0;37m0m
0;37m[ 2016-02-18 15:06:22:242 ] ## request:   0;32mPOST http://10.0.0.193:9502/ugc/usercomment0;37m0m
0;37m[ 2016-02-18 15:06:22:242 ] ##### data:   0;32muserId = 啊0;37m0m
0;37m[ 2016-02-18 15:06:22:243 ]	       0;32mcontent = 啊0;37m0m
0;37m[ 2016-02-18 15:06:22:243 ]	       0;32mdeliveryScore = 10;37m0m
0;37m[ 2016-02-18 15:06:22:244 ]	       0;32msubOrderId = 460;37m0m
0;37m[ 2016-02-18 15:06:22:244 ]	       0;32mmerchantScore = 10;37m0m
0;37m[ 2016-02-18 15:06:22:245 ]	       0;32mtoken = ee6be12caa0b3368247e25b812dc62300;37m0m
0;37m[ 2016-02-18 15:06:22:245 ]	       0;32mscore = 10;37m0m
0;37m[ 2016-02-18 15:06:22:246 ] # response:   0;32m2000;37m0m
0;37m[ 2016-02-18 15:06:22:246 ] 0m
0;37m[ 2016-02-18 15:06:22:247 ] 0;33mno expectation found, passed0;37m0m
0;37m[ 2016-02-18 15:06:22:280 ] 0m
0;37m[ 2016-02-18 15:06:22:281 ] 0;34m..............................0;37m0m
0;37m[ 2016-02-18 15:06:22:281 ] 0m
0;37m[ 2016-02-18 15:06:22:281 ] ##### case:   0;32m/Order/UserServiceOrders0;37m0m
0;37m[ 2016-02-18 15:06:22:282 ] ####### id:   0;32m9dfb99d3-f620-ac11-d904-870e17b8a6380;37m0m
0;37m[ 2016-02-18 15:06:22:282 ] ### remark:   0;32m获取售后订单0;37m0m
0;37m[ 2016-02-18 15:06:22:282 ] ## request:   0;32mGET http://10.0.0.193:9502/order/userserviceorders?token=49e2c52fc2e1051c58e11daace64ab5f&userId=%E5%95%8A&content=%E5%95%8A&deliveryScore=1&subOrderId=46&merchantScore=1&token=4b5f5a7dcfa8deab7e9a5dbc89d7440c&score=10;37m0m
0;37m[ 2016-02-18 15:06:22:283 ] ##### data:   0;32muserId = 啊0;37m0m
0;37m[ 2016-02-18 15:06:22:283 ]	       0;32mcontent = 啊0;37m0m
0;37m[ 2016-02-18 15:06:22:283 ]	       0;32mdeliveryScore = 10;37m0m
0;37m[ 2016-02-18 15:06:22:283 ]	       0;32msubOrderId = 460;37m0m
0;37m[ 2016-02-18 15:06:22:284 ]	       0;32mmerchantScore = 10;37m0m
0;37m[ 2016-02-18 15:06:22:284 ]	       0;32mtoken = 4b5f5a7dcfa8deab7e9a5dbc89d7440c0;37m0m
0;37m[ 2016-02-18 15:06:22:284 ]	       0;32mscore = 10;37m0m
0;37m[ 2016-02-18 15:06:22:285 ] # response:   0;32m2000;37m0m
0;37m[ 2016-02-18 15:06:22:285 ] 0m
0;37m[ 2016-02-18 15:06:22:285 ] no. 0;32m310;37m expectation being checked0m
0;37m[ 2016-02-18 15:06:22:285 ] 0;32mkey list0;37m should 0;32min .data0;37m	[ 0;36mpassed0;37m ]0m
0;37m[ 2016-02-18 15:06:22:286 ] 0m
0;37m[ 2016-02-18 15:06:22:286 ] 0;34m..............................0;37m0m
0;37m[ 2016-02-18 15:06:22:286 ] 0m
0;37m[ 2016-02-18 15:06:22:286 ] 0;32mtrying to read file 首页s.json0;37m0m
0;37m[ 2016-02-18 15:06:22:287 ] description: 0;32m1/common/index获取首页
2/product/recommendproducts获取推荐商品列表
3/common/gpstogeo获取地理位置信息0;37m0m
0;37m[ 2016-02-18 15:06:22:287 ] starting test0m
0;37m[ 2016-02-18 15:06:22:336 ] 0m
0;37m[ 2016-02-18 15:06:22:336 ] 0;34m..............................0;37m0m
0;37m[ 2016-02-18 15:06:22:336 ] 0m
0;37m[ 2016-02-18 15:06:22:337 ] ##### case:   0;32mCommon/Index0;37m0m
0;37m[ 2016-02-18 15:06:22:337 ] ####### id:   0;32m31e10464-48b1-a343-8cc9-a14823ab41d90;37m0m
0;37m[ 2016-02-18 15:06:22:338 ] ### remark:   0;32m获取首页0;37m0m
0;37m[ 2016-02-18 15:06:22:338 ] ## request:   0;32mGET http://10.0.0.193:9502/common/index0;37m0m
0;37m[ 2016-02-18 15:06:22:339 ] # response:   0;32m2000;37m0m
0;37m[ 2016-02-18 15:06:22:339 ] 0m
0;37m[ 2016-02-18 15:06:22:340 ] no. 0;32m320;37m expectation being checked0m
0;37m[ 2016-02-18 15:06:22:341 ] 0;32mkey bannerList0;37m should 0;32min .data0;37m   [ 0;36mpassed0;37m ]0m
0;37m[ 2016-02-18 15:06:22:384 ] 0m
0;37m[ 2016-02-18 15:06:22:384 ] 0;34m..............................0;37m0m
0;37m[ 2016-02-18 15:06:22:384 ] 0m
0;37m[ 2016-02-18 15:06:22:385 ] ##### case:   0;32mProduct/RecommendProducts0;37m0m
0;37m[ 2016-02-18 15:06:22:385 ] ####### id:   0;32mab0e6621-173d-c64f-d656-d382a8d376da0;37m0m
0;37m[ 2016-02-18 15:06:22:385 ] ### remark:   0;32m获取推荐商品列表0;37m0m
0;37m[ 2016-02-18 15:06:22:386 ] ## request:   0;32mGET http://10.0.0.193:9502/product/recommendproducts0;37m0m
0;37m[ 2016-02-18 15:06:22:386 ] # response:   0;32m2000;37m0m
0;37m[ 2016-02-18 15:06:22:386 ] 0m
0;37m[ 2016-02-18 15:06:22:387 ] no. 0;32m330;37m expectation being checked0m
0;37m[ 2016-02-18 15:06:22:387 ] 0;32mkey name0;37m should 0;32min .data.list0;37m   [ 0;36mpassed0;37m ]0m
0;37m[ 2016-02-18 15:06:22:414 ] 0m
0;37m[ 2016-02-18 15:06:22:415 ] 0;34m..............................0;37m0m
0;37m[ 2016-02-18 15:06:22:415 ] 0m
0;37m[ 2016-02-18 15:06:22:415 ] ##### case:   0;32mCommon/GpsToGeo0;37m0m
0;37m[ 2016-02-18 15:06:22:416 ] ####### id:   0;32md7b6adc8-9748-e0bf-f5b0-ef74df6f9d920;37m0m
0;37m[ 2016-02-18 15:06:22:416 ] ### remark:   0;32m获取地理位置信息0;37m0m
0;37m[ 2016-02-18 15:06:22:416 ] ## request:   0;32mGET http://10.0.0.193:9502/common/gpstogeo?aMapId=210;37m0m
0;37m[ 2016-02-18 15:06:22:417 ] # response:   0;32m2000;37m0m
0;37m[ 2016-02-18 15:06:22:417 ] 0m
0;37m[ 2016-02-18 15:06:22:417 ] no. 0;32m340;37m expectation being checked0m
0;37m[ 2016-02-18 15:06:22:417 ] 0;32mkey aMapId0;37m should 0;32min .data0;37m   [ 0;36mpassed0;37m ]0m
0;37m[ 2016-02-18 15:06:22:418 ] 0m
0;37m[ 2016-02-18 15:06:22:418 ] 0;34m..............................0;37m0m
0;37m[ 2016-02-18 15:06:22:418 ] 0m
0;37m[ 2016-02-18 15:06:22:419 ] [ summary ]0m
0;37m[ 2016-02-18 15:06:22:419 ] 0;32m340;37m expectations checked0m
0;37m[ 2016-02-18 15:06:22:419 ] 0;36m280;37m passed0m
0;37m[ 2016-02-18 15:06:22:419 ] 0;31m60;37m failed0m
0;37m[ 2016-02-18 15:06:22:420 ] 0m
0;37m[ 2016-02-18 15:06:22:420 ] [ fail expectation keywords ]0m
0;37m[ 2016-02-18 15:06:22:420 ] 0;32m1. User/AddAddress0;37m0m
0;37m[ 2016-02-18 15:06:22:420 ] request url: POST http://10.0.0.193:9502/user/addaddress0m
0;37m[ 2016-02-18 15:06:22:421 ] using param: provinceId=20m
0;37m[ 2016-02-18 15:06:22:421 ]       cityId=20m
0;37m[ 2016-02-18 15:06:22:421 ]       districtId=30m
0;37m[ 2016-02-18 15:06:22:421 ]       city=%E5%8C%97%E4%BA%AC%E5%B8%820m
0;37m[ 2016-02-18 15:06:22:422 ]       isDefault=10m
0;37m[ 2016-02-18 15:06:22:422 ]       detailAddress=%E5%BC%A0%E6%B1%9F%E9%95%870m
0;37m[ 2016-02-18 15:06:22:422 ]       token=4b5f5a7dcfa8deab7e9a5dbc89d7440c0m
0;37m[ 2016-02-18 15:06:22:422 ]       district=%E4%B8%9C%E5%9F%8E%E5%8C%BA0m
0;37m[ 2016-02-18 15:06:22:423 ]       contacter=%E7%8E%8B%E5%B0%8F%E9%A3%980m
0;37m[ 2016-02-18 15:06:22:423 ]       deliveryType=10m
0;37m[ 2016-02-18 15:06:22:423 ]       province=%E5%8C%97%E4%BA%AC%E5%B8%820m
0;37m[ 2016-02-18 15:06:22:423 ]       mobile=150672432140m
0;37m[ 2016-02-18 15:06:22:424 ] status code: 2000m
0;37m[ 2016-02-18 15:06:22:424 ] failed on .data not found in response0m
0;37m[ 2016-02-18 15:06:22:424 ] 0m
0;37m[ 2016-02-18 15:06:22:424 ] 0;32m2. User/UpdateAddress0;37m0m
0;37m[ 2016-02-18 15:06:22:425 ] request url: POST http://10.0.0.193:9502/user/updateaddress0m
0;37m[ 2016-02-18 15:06:22:425 ] using param: provinceId=20m
0;37m[ 2016-02-18 15:06:22:425 ]       cityId=20m
0;37m[ 2016-02-18 15:06:22:425 ]       districtId=30m
0;37m[ 2016-02-18 15:06:22:425 ]       city=dd0m
0;37m[ 2016-02-18 15:06:22:426 ]       isDefault=10m
0;37m[ 2016-02-18 15:06:22:426 ]       detailAddress=%E5%BC%A0%E6%B1%9F%E9%95%870m
0;37m[ 2016-02-18 15:06:22:426 ]       token=4b5f5a7dcfa8deab7e9a5dbc89d7440c0m
0;37m[ 2016-02-18 15:06:22:426 ]       district=nn0m
0;37m[ 2016-02-18 15:06:22:427 ]       contacter=%E7%8E%8B%E5%B0%8F%E9%A3%980m
0;37m[ 2016-02-18 15:06:22:427 ]       addressId=100001810m
0;37m[ 2016-02-18 15:06:22:427 ]       deliveryType=10m
0;37m[ 2016-02-18 15:06:22:427 ]       province=aa0m
0;37m[ 2016-02-18 15:06:22:427 ]       mobile=150672432140m
0;37m[ 2016-02-18 15:06:22:428 ] status code: 2000m
0;37m[ 2016-02-18 15:06:22:428 ] failed on .data not found in response0m
0;37m[ 2016-02-18 15:06:22:428 ] 0m
0;37m[ 2016-02-18 15:06:22:428 ] 0;32m3. User/SetDefaultAddress0;37m0m
0;37m[ 2016-02-18 15:06:22:429 ] request url: GET http://10.0.0.193:9502/user/setdefaultaddress?token=853b8fe05525566f11474aea44dd5593&addressId=5&userId=5&token=4b5f5a7dcfa8deab7e9a5dbc89d7440c&addressId=100001810m
0;37m[ 2016-02-18 15:06:22:429 ] status code: 2000m
0;37m[ 2016-02-18 15:06:22:429 ] failed on .data.res not found in response0m
0;37m[ 2016-02-18 15:06:22:429 ] 0m
0;37m[ 2016-02-18 15:06:22:429 ] 0;32m4. Order/OrderPay0;37m0m
0;37m[ 2016-02-18 15:06:22:430 ] request url: POST http://10.0.0.193:9502/order/orderpay0m
0;37m[ 2016-02-18 15:06:22:430 ] using param: type=10m
0;37m[ 2016-02-18 15:06:22:430 ]       token=4b5f5a7dcfa8deab7e9a5dbc89d7440c0m
0;37m[ 2016-02-18 15:06:22:430 ]       orderIds=21474839210m
0;37m[ 2016-02-18 15:06:22:431 ] status code: 2000m
0;37m[ 2016-02-18 15:06:22:431 ] failed on .data not found in response0m
0;37m[ 2016-02-18 15:06:22:431 ] 0m
0;37m[ 2016-02-18 15:06:22:431 ] 0;32m5. Order/GetUserOrders0;37m0m
0;37m[ 2016-02-18 15:06:22:432 ] request url: GET http://10.0.0.193:9502/order/getuserorders?token=49e2c52fc2e1051c58e11daace64ab5f&type=0&token=4b5f5a7dcfa8deab7e9a5dbc89d7440c&orderId=221&reason=10m
0;37m[ 2016-02-18 15:06:22:432 ] status code: 2000m
0;37m[ 2016-02-18 15:06:22:432 ] failed on .data.list not found in response0m
0;37m[ 2016-02-18 15:06:22:433 ] 0m
0;37m[ 2016-02-18 15:06:22:433 ] 0;32m6. Order/OrderDetail0;37m0m
0;37m[ 2016-02-18 15:06:22:433 ] request url: GET http://10.0.0.193:9502/order/orderdetail?orderId=2147483921&token=4b5f5a7dcfa8deab7e9a5dbc89d7440c0m
0;37m[ 2016-02-18 15:06:22:434 ] status code: 2000m
0;37m[ 2016-02-18 15:06:22:434 ] failed on .data not found in response0m
